<?xml version="1.0" encoding="UTF-8"?>
<!-- Generated by org.testng.reporters.JUnitXMLReporter -->
<testsuite ignored="0" hostname="LAPTOP-O03F5P6F" failures="1" tests="1" name="Testfirefox" time="0.004" errors="0" timestamp="2023-03-06T00:08:49 IST">
  <testcase classname="importantJavaPrograms.RTP" name="openBrowser" time="0.0">
    <failure type="org.testng.TestNGException" message="
Parameter &amp;apos;browserValue&amp;apos; is required by @Test on method openBrowser but has not been marked @Optional or defined
in C:\Users\akshay  holkar\Desktop\Selenium workspace\SeleniumProject\testngActitimeChooseBrowser.xml">
      <![CDATA[org.testng.TestNGException: 
Parameter 'browserValue' is required by @Test on method openBrowser but has not been marked @Optional or defined
in C:\Users\akshay  holkar\Desktop\Selenium workspace\SeleniumProject\testngActitimeChooseBrowser.xml
at java.base/java.util.ArrayList.forEach(ArrayList.java:1511)
... Removed 26 stack frames]]>
    </failure>
  </testcase> <!-- openBrowser -->
</testsuite> <!-- Testfirefox -->
