<?xml version="1.0" encoding="UTF-8"?>
<!-- Generated by org.testng.reporters.JUnitReportReporter -->
<testsuite hostname="LAPTOP-O03F5P6F" failures="0" tests="5" name="testNgXML.GroupExecution" time="0.010" errors="0" timestamp="2023-03-05T22:16:39 IST" skipped="0">
  <testcase classname="testNgXML.GroupExecution" name="st2" time="0.002"/>
  <system-out>
    <![CDATA[st3]]>
  </system-out>
  <testcase classname="testNgXML.GroupExecution" name="ft2" time="0.001"/>
  <system-out>
    <![CDATA[ft3]]>
  </system-out>
  <testcase classname="testNgXML.GroupExecution" name="st1" time="0.001"/>
  <system-out>
    <![CDATA[ST1]]>
  </system-out>
  <testcase classname="testNgXML.GroupExecution" name="ft1" time="0.005"/>
  <system-out>
    <![CDATA[ft1]]>
  </system-out>
  <testcase classname="testNgXML.GroupExecution" name="ft3" time="0.001"/>
  <system-out>
    <![CDATA[ft3]]>
  </system-out>
</testsuite> <!-- testNgXML.GroupExecution -->
