<?xml version="1.0" encoding="UTF-8"?>
<!-- Generated by org.testng.reporters.JUnitReportReporter -->
<testsuite hostname="LAPTOP-O03F5P6F" failures="0" tests="1" name="pageObjectModel.TestActitimeValidLogin" time="3.570" errors="0" timestamp="2023-03-15T18:25:22 IST" skipped="0">
  <testcase classname="pageObjectModel.TestActitimeValidLogin" name="testActiTime" time="3.570"/>
  <system-out>
    <![CDATA[test execution is sarted]]>
  </system-out>
</testsuite> <!-- pageObjectModel.TestActitimeValidLogin -->
