<?xml version="1.0" encoding="UTF-8"?>
<testng-results ignored="0" total="1" passed="1" failed="0" skipped="0">
  <reporter-output>
  </reporter-output>
  <suite started-at="2023-03-15T23:19:24 IST" name="Default suite" finished-at="2023-03-15T23:19:55 IST" duration-ms="31735">
    <groups>
    </groups>
    <test started-at="2023-03-15T23:19:24 IST" name="Default test" finished-at="2023-03-15T23:19:55 IST" duration-ms="31735">
      <class name="seleniummavenproject.OrangeHrm">
        <test-method signature="test()[pri:0, instance:seleniummavenproject.OrangeHrm@57d7f8ca]" started-at="2023-03-15T23:19:24 IST" name="test" finished-at="2023-03-15T23:19:55 IST" duration-ms="31695" status="PASS">
          <reporter-output>
          </reporter-output>
        </test-method> <!-- test -->
      </class> <!-- seleniummavenproject.OrangeHrm -->
    </test> <!-- Default test -->
  </suite> <!-- Default suite -->
</testng-results>
