<?xml version="1.0" encoding="UTF-8"?>
<testng-results ignored="0" total="1" passed="1" failed="0" skipped="0">
  <reporter-output>
  </reporter-output>
  <suite started-at="2023-03-13T16:24:40 IST" name="Default suite" finished-at="2023-03-13T16:24:52 IST" duration-ms="12014">
    <groups>
    </groups>
    <test started-at="2023-03-13T16:24:40 IST" name="Default test" finished-at="2023-03-13T16:24:52 IST" duration-ms="12014">
      <class name="seleniummavenproject.TestActitimeValidLogin">
        <test-method signature="testActitime()[pri:0, instance:seleniummavenproject.TestActitimeValidLogin@57d7f8ca]" started-at="2023-03-13T16:24:40 IST" name="testActitime" finished-at="2023-03-13T16:24:52 IST" duration-ms="11971" status="PASS">
          <reporter-output>
          </reporter-output>
        </test-method> <!-- testActitime -->
      </class> <!-- seleniummavenproject.TestActitimeValidLogin -->
    </test> <!-- Default test -->
  </suite> <!-- Default suite -->
</testng-results>
