<?xml version="1.0" encoding="UTF-8"?>
<!-- Generated by org.testng.reporters.JUnitXMLReporter -->
<testsuite ignored="0" hostname="LAPTOP-O03F5P6F" failures="0" tests="1" name="Test" time="0.075" errors="0" timestamp="2023-03-10T13:15:52 IST">
  <testcase classname="generic.BaseTest" name="@BeforeMethod setup" time="0.035">
    <failure type="java.lang.IllegalStateException" message="The driver executable must exist: C:\Users\akshay  holkar\Desktop\Selenium workspace\SeleniumProject2\.\drivers\chromdriver.exe">
      <![CDATA[java.lang.IllegalStateException: The driver executable must exist: C:\Users\akshay  holkar\Desktop\Selenium workspace\SeleniumProject2\.\drivers\chromdriver.exe
at org.openqa.selenium.internal.Require$FileStateChecker.isFile(Require.java:345)
at org.openqa.selenium.remote.service.DriverService.checkExecutable(DriverService.java:161)
at org.openqa.selenium.remote.service.DriverService.findExecutable(DriverService.java:156)
at org.openqa.selenium.chrome.ChromeDriverService.access$000(ChromeDriverService.java:42)
at org.openqa.selenium.chrome.ChromeDriverService$Builder.findDefaultExecutable(ChromeDriverService.java:315)
at org.openqa.selenium.remote.service.DriverService$Builder.build(DriverService.java:456)
at org.openqa.selenium.chrome.ChromeDriverService.createDefaultService(ChromeDriverService.java:147)
at org.openqa.selenium.chrome.ChromeDriver.<init>(ChromeDriver.java:50)
at generic.BaseTest.setup(BaseTest.java:26)
at java.base/java.util.ArrayList.forEach(ArrayList.java:1511)
... Removed 31 stack frames]]>
    </failure>
  </testcase> <!-- @BeforeMethod setup -->
  <testcase classname="testpackage.TestActitime" name="testActitime" time="0.0">
    <skipped/>
  </testcase> <!-- testActitime -->
</testsuite> <!-- Test -->
