<?xml version="1.0" encoding="UTF-8"?>
<testng-results ignored="0" total="1" passed="1" failed="0" skipped="0">
  <reporter-output>
  </reporter-output>
  <suite started-at="2024-08-23T11:05:45 IST" name="Default suite" finished-at="2024-08-23T11:05:52 IST" duration-ms="7002">
    <groups>
    </groups>
    <test started-at="2024-08-23T11:05:45 IST" name="Default test" finished-at="2024-08-23T11:05:52 IST" duration-ms="7002">
      <class name="SeleniumGrid">
        <test-method signature="testGrid()[pri:0, instance:SeleniumGrid@3590fc5b]" started-at="2024-08-23T11:05:45 IST" name="testGrid" finished-at="2024-08-23T11:05:52 IST" duration-ms="6913" status="PASS">
          <reporter-output>
          </reporter-output>
        </test-method> <!-- testGrid -->
      </class> <!-- SeleniumGrid -->
    </test> <!-- Default test -->
  </suite> <!-- Default suite -->
</testng-results>
