<?xml version="1.0" encoding="UTF-8"?>
<testng-results ignored="2" total="3" passed="1" failed="0" skipped="0">
  <reporter-output>
    <line>
      <![CDATA[NASA1146 NASA1146]]>
    </line>
  </reporter-output>
  <suite started-at="2024-05-21T15:40:20 IST" name="Default suite" finished-at="2024-05-21T15:40:45 IST" duration-ms="25503">
    <groups>
      <group name="smoke">
        <method signature="CreateOrgTest.createOrgNameTest()[pri:0, instance:TestNGTest.CreateOrgTest@6d763516]" name="createOrgNameTest" class="TestNGTest.CreateOrgTest"/>
      </group> <!-- smoke -->
    </groups>
    <test started-at="2024-05-21T15:40:20 IST" name="Default test" finished-at="2024-05-21T15:40:45 IST" duration-ms="25503">
      <class name="TestNGTest.CreateOrgTest">
        <test-method is-config="true" signature="connectToDB()[pri:0, instance:TestNGTest.CreateOrgTest@6d763516]" started-at="2024-05-21T15:40:20 IST" name="connectToDB" finished-at="2024-05-21T15:40:20 IST" duration-ms="6" status="PASS">
          <reporter-output>
          </reporter-output>
        </test-method> <!-- connectToDB -->
        <test-method is-config="true" signature="launchBrowser()[pri:0, instance:TestNGTest.CreateOrgTest@6d763516]" started-at="2024-05-21T15:40:20 IST" name="launchBrowser" finished-at="2024-05-21T15:40:21 IST" duration-ms="1610" status="PASS">
          <reporter-output>
          </reporter-output>
        </test-method> <!-- launchBrowser -->
        <test-method is-config="true" signature="loginToApp()[pri:0, instance:TestNGTest.CreateOrgTest@6d763516]" started-at="2024-05-21T15:40:21 IST" name="loginToApp" finished-at="2024-05-21T15:40:25 IST" duration-ms="3963" status="PASS">
          <reporter-output>
          </reporter-output>
        </test-method> <!-- loginToApp -->
        <test-method signature="createOrgNameTest()[pri:0, instance:TestNGTest.CreateOrgTest@6d763516]" started-at="2024-05-21T15:40:25 IST" name="createOrgNameTest" finished-at="2024-05-21T15:40:43 IST" duration-ms="17411" status="PASS">
          <reporter-output>
            <line>
              <![CDATA[NASA1146 NASA1146]]>
            </line>
          </reporter-output>
        </test-method> <!-- createOrgNameTest -->
        <test-method is-config="true" signature="logoutFromApp()[pri:0, instance:TestNGTest.CreateOrgTest@6d763516]" started-at="2024-05-21T15:40:43 IST" name="logoutFromApp" finished-at="2024-05-21T15:40:44 IST" duration-ms="1638" status="PASS">
          <reporter-output>
          </reporter-output>
        </test-method> <!-- logoutFromApp -->
        <test-method is-config="true" signature="closeBrowser()[pri:0, instance:TestNGTest.CreateOrgTest@6d763516]" started-at="2024-05-21T15:40:44 IST" name="closeBrowser" finished-at="2024-05-21T15:40:45 IST" duration-ms="847" status="PASS">
          <reporter-output>
          </reporter-output>
        </test-method> <!-- closeBrowser -->
        <test-method is-config="true" signature="DisconnectFromDB()[pri:0, instance:TestNGTest.CreateOrgTest@6d763516]" started-at="2024-05-21T15:40:45 IST" name="DisconnectFromDB" finished-at="2024-05-21T15:40:45 IST" duration-ms="0" status="PASS">
          <reporter-output>
          </reporter-output>
        </test-method> <!-- DisconnectFromDB -->
      </class> <!-- TestNGTest.CreateOrgTest -->
    </test> <!-- Default test -->
  </suite> <!-- Default suite -->
</testng-results>
