<?xml version="1.0" encoding="UTF-8"?>
<!-- Generated by org.testng.reporters.JUnitXMLReporter -->
<testsuite ignored="2" hostname="LAPTOP-O03F5P6F" failures="0" tests="6" name="BatchTest" time="148.301" errors="0" timestamp="2024-05-17T13:33:48 IST">
  <testcase classname="TestNGTest.CreateOrgTest" name="createOrgNameContactTest" time="13.117"/>
  <testcase classname="TestNGTest.CreateOrgTest" name="createOrgNameIndustryTest" time="16.997"/>
  <testcase classname="TestNGTest.CreateOrgTest" name="createOrgNameTest" time="16.809"/>
  <testcase classname="TestNGTest.CreateContactTest" name="createContactDateTest" time="24.122"/>
  <testcase classname="TestNGTest.CreateContactTest" name="createContactWithMandatoryInfoTest" time="17.119"/>
  <testcase classname="TestNGTest.CreateContactTest" name="createContactWithOrgName" time="17.113"/>
  <testcase classname="Com.Comcast.crm.GenricCommFilesUtility.BS_Class" name="@BeforeSuite connectToDB" time="0.0">
    <ignored/>
  </testcase> <!-- @BeforeSuite connectToDB -->
  <testcase classname="Com.Comcast.crm.GenricCommFilesUtility.BS_Class" name="@AfterSuite DisconnectFromDB" time="0.0">
    <ignored/>
  </testcase> <!-- @AfterSuite DisconnectFromDB -->
</testsuite> <!-- BatchTest -->
