<?xml version="1.0" encoding="UTF-8"?>
<!-- Generated by org.testng.reporters.JUnitXMLReporter -->
<testsuite ignored="2" hostname="LAPTOP-O03F5P6F" failures="0" tests="6" name="BatchTest" time="133.928" errors="0" timestamp="2024-05-20T22:32:56 IST">
  <testcase classname="TestNGTest.CreateOrgTest" name="createOrgNameContactTest" time="12.129"/>
  <testcase classname="TestNGTest.CreateOrgTest" name="createOrgNameIndustryTest" time="14.522"/>
  <testcase classname="TestNGTest.CreateOrgTest" name="createOrgNameTest" time="13.46"/>
  <testcase classname="TestNGTest.CreateContactTest" name="createContactDateTest" time="21.881"/>
  <testcase classname="TestNGTest.CreateContactTest" name="createContactWithMandatoryInfoTest" time="15.751"/>
  <testcase classname="TestNGTest.CreateContactTest" name="createContactWithOrgName" time="15.685"/>
  <testcase classname="Com.Comcast.crm.GenricCommFilesUtility.BS_Class" name="@BeforeSuite connectToDB" time="0.0">
    <ignored/>
  </testcase> <!-- @BeforeSuite connectToDB -->
  <testcase classname="Com.Comcast.crm.GenricCommFilesUtility.BS_Class" name="@AfterSuite DisconnectFromDB" time="0.0">
    <ignored/>
  </testcase> <!-- @AfterSuite DisconnectFromDB -->
</testsuite> <!-- BatchTest -->
